--- Startup times for process: Primary (or UI client) ---

times in msec
 clock   self+sourced   self:  sourced script
 clock   elapsed:              other lines

000.001  000.001: --- NVIM STARTING ---
000.117  000.116: event init
000.197  000.080: early init
000.227  000.030: locale set
000.261  000.034: init first window
000.585  000.324: inits 1
000.594  000.009: window checked
000.596  000.002: parsing arguments
001.044  000.043  000.043: require('vim._core.shared')
001.111  000.004  000.004: require('string.buffer')
001.135  000.043  000.039: require('vim.inspect')
001.182  000.038  000.038: require('vim._core.options')
001.184  000.137  000.056: require('vim._core.editor')
001.215  000.030  000.030: require('vim._core.system')
001.216  000.234  000.024: require('vim._init_packages')
001.217  000.387: init lua interpreter
003.031  001.814: nvim_ui_attach
003.343  000.313: nvim_set_client_info
003.345  000.002: --- NVIM STARTED ---

--- Startup times for process: Embedded ---

times in msec
 clock   self+sourced   self:  sourced script
 clock   elapsed:              other lines

000.000  000.000: --- NVIM STARTING ---
000.084  000.084: event init
000.141  000.056: early init
000.166  000.025: locale set
000.193  000.027: init first window
000.455  000.262: inits 1
000.467  000.012: window checked
000.469  000.002: parsing arguments
000.917  000.042  000.042: require('vim._core.shared')
000.988  000.005  000.005: require('string.buffer')
001.011  000.042  000.037: require('vim.inspect')
001.059  000.038  000.038: require('vim._core.options')
001.061  000.141  000.060: require('vim._core.editor')
001.093  000.031  000.031: require('vim._core.system')
001.094  000.235  000.021: require('vim._init_packages')
001.095  000.391: init lua interpreter
001.159  000.064: expanding arguments
001.175  000.017: inits 2
001.424  000.249: init highlight
001.425  000.001: waiting for UI
001.516  000.091: done waiting for UI
001.524  000.008: clear screen
001.653  000.011  000.011: require('vim.keymap')
002.423  000.133  000.133: sourcing nvim_exec2()
002.457  000.012  000.012: require('vim._core.log')
002.707  001.181  001.025: require('vim._core.defaults')
002.710  000.005: init default mappings & autocommands
003.061  000.041  000.041: sourcing /usr/share/nvim/runtime/ftplugin.vim
003.109  000.022  000.022: sourcing /usr/share/nvim/runtime/indent.vim
003.259  000.114  000.114: sourcing /usr/share/nvim/archlinux.lua
003.263  000.135  000.020: sourcing /etc/xdg/nvim/sysinit.vim
003.751  000.005  000.005: sourcing nvim_exec2() called at /home/mich/.config/nvim/init.lua:0
003.774  000.479  000.474: require('core.settings')
005.589  000.717  000.717: require('vim.lsp.protocol')
005.632  000.034  000.034: require('vim.fs')
005.659  000.935  000.184: require('vim.lsp.log')
007.073  001.410  001.410: require('vim.lsp.util')
007.606  000.158  000.158: require('vim.lsp.sync')
007.611  000.534  000.376: require('vim.lsp._changetracking')
008.025  000.098  000.098: require('vim.lsp._transport')
008.033  000.004  000.004: require('vim._core.stringbuffer')
008.068  000.455  000.353: require('vim.lsp.rpc')
008.091  004.044  000.710: require('vim.lsp')
008.628  000.003  000.003: require('vim.F')
008.634  000.542  000.539: require('vim.lsp.buf')
009.653  000.988  000.988: require('vim.diagnostic')
009.664  005.889  000.315: require('core.keymaps')
009.718  000.053  000.053: require('core.autocmds')
010.064  000.277  000.277: require('lazy')
010.084  000.011  000.011: require('ffi')
010.165  000.064  000.064: require('vim.uri')
010.174  000.088  000.024: require('vim.loader')
010.338  000.156  000.156: require('lazy.stats')
010.430  000.076  000.076: require('lazy.core.util')
010.535  000.103  000.103: require('lazy.core.config')
010.724  000.106  000.106: require('lazy.core.handler')
010.941  000.079  000.079: require('lazy.pkg')
010.945  000.158  000.079: require('lazy.core.meta')
010.951  000.226  000.068: require('lazy.core.plugin')
010.960  000.423  000.092: require('lazy.core.loader')
011.224  000.093  000.093: require('lazy.core.fragments')
011.935  000.063  000.063: require('lazy.core.handler.event')
012.045  000.107  000.107: require('lazy.core.handler.cmd')
012.093  000.044  000.044: require('lazy.core.handler.ft')
012.153  000.057  000.057: require('lazy.core.handler.keys')
012.331  000.077  000.077: sourcing nvim_exec2() called at /usr/share/nvim/runtime/filetype.lua:0
012.334  000.116  000.039: sourcing /usr/share/nvim/runtime/filetype.lua
012.337  000.135  000.019: sourcing nvim_exec2() called at /home/mich/.config/nvim/init.lua:0
012.428  000.002  000.002: sourcing nvim_exec2() called at /home/mich/.config/nvim/init.lua:0
012.433  000.001  000.001: sourcing nvim_exec2() called at /home/mich/.config/nvim/init.lua:0
012.539  000.001  000.001: sourcing nvim_exec2() called at /home/mich/.config/nvim/init.lua:0
012.543  000.001  000.001: sourcing nvim_exec2() called at /home/mich/.config/nvim/init.lua:0
012.645  000.001  000.001: sourcing nvim_exec2() called at /home/mich/.config/nvim/init.lua:0
012.649  000.001  000.001: sourcing nvim_exec2() called at /home/mich/.config/nvim/init.lua:0
012.714  000.001  000.001: sourcing nvim_exec2() called at /home/mich/.config/nvim/init.lua:0
012.718  000.001  000.001: sourcing nvim_exec2() called at /home/mich/.config/nvim/init.lua:0
014.248  001.260  001.260: require('vim.filetype')
015.024  000.035  000.035: require('luasnip.util.types')
015.029  000.099  000.065: require('luasnip.util.ext_opts')
015.151  000.027  000.027: require('luasnip.util.lazy_table')
015.207  000.055  000.055: require('luasnip.extras.filetype_functions')
015.218  000.150  000.068: require('luasnip.default_config')
015.220  000.190  000.039: require('luasnip.session')
015.225  000.870  000.581: require('luasnip.config')
015.255  002.348  000.218: sourcing /home/mich/.local/share/nvim/lazy/LuaSnip/plugin/luasnip.lua
015.260  002.382  000.033: sourcing nvim_exec2() called at /home/mich/.config/nvim/init.lua:0
015.322  000.027  000.027: sourcing /home/mich/.local/share/nvim/lazy/LuaSnip/plugin/luasnip.vim
015.324  000.047  000.021: sourcing nvim_exec2() called at /home/mich/.config/nvim/init.lua:0
015.330  000.002  000.002: sourcing nvim_exec2() called at /home/mich/.config/nvim/init.lua:0
015.340  000.001  000.001: sourcing nvim_exec2() called at /home/mich/.config/nvim/init.lua:0
015.440  000.001  000.001: sourcing nvim_exec2() called at /home/mich/.config/nvim/init.lua:0
015.447  000.001  000.001: sourcing nvim_exec2() called at /home/mich/.config/nvim/init.lua:0
015.831  000.248  000.248: require('cmp.utils.api')
016.049  000.149  000.149: require('cmp.types.cmp')
016.192  000.081  000.081: require('cmp.utils.misc')
016.235  000.184  000.103: require('cmp.types.lsp')
016.278  000.041  000.041: require('cmp.types.vim')
016.280  000.446  000.072: require('cmp.types')
016.326  000.044  000.044: require('cmp.utils.highlight')
016.450  000.044  000.044: require('cmp.utils.debug')
016.460  000.133  000.089: require('cmp.utils.autocmd')
016.923  000.009  000.009: sourcing nvim_exec2() called at /home/mich/.local/share/nvim/lazy/nvim-cmp/plugin/cmp.lua:0
016.927  001.437  000.557: sourcing /home/mich/.local/share/nvim/lazy/nvim-cmp/plugin/cmp.lua
016.930  001.455  000.019: sourcing nvim_exec2() called at /home/mich/.config/nvim/init.lua:0
016.937  000.002  000.002: sourcing nvim_exec2() called at /home/mich/.config/nvim/init.lua:0
016.950  000.001  000.001: sourcing nvim_exec2() called at /home/mich/.config/nvim/init.lua:0
017.322  000.037  000.037: sourcing /home/mich/.local/share/nvim/lazy/nvim-web-devicons/plugin/nvim-web-devicons.vim
017.326  000.060  000.023: sourcing nvim_exec2() called at /home/mich/.config/nvim/init.lua:0
017.331  000.001  000.001: sourcing nvim_exec2() called at /home/mich/.config/nvim/init.lua:0
017.341  000.001  000.001: sourcing nvim_exec2() called at /home/mich/.config/nvim/init.lua:0
018.218  000.789  000.789: require('nvim-tree.commands')
018.293  000.912  000.124: sourcing /home/mich/.local/share/nvim/lazy/nvim-tree.lua/plugin/nvim-tree.lua
018.298  000.934  000.022: sourcing nvim_exec2() called at /home/mich/.config/nvim/init.lua:0
018.310  000.003  000.003: sourcing nvim_exec2() called at /home/mich/.config/nvim/init.lua:0
018.320  000.001  000.001: sourcing nvim_exec2() called at /home/mich/.config/nvim/init.lua:0
018.665  000.150  000.150: sourcing /home/mich/.local/share/nvim/lazy/nvim-lspconfig/plugin/lspconfig.lua
018.669  000.175  000.025: sourcing nvim_exec2() called at /home/mich/.config/nvim/init.lua:0
018.680  000.002  000.002: sourcing nvim_exec2() called at /home/mich/.config/nvim/init.lua:0
018.709  000.001  000.001: sourcing nvim_exec2() called at /home/mich/.config/nvim/init.lua:0
020.744  001.745  001.745: sourcing /home/mich/.local/share/nvim/lazy/emmet-vim/plugin/emmet.vim
020.750  001.771  000.026: sourcing nvim_exec2() called at /home/mich/.config/nvim/init.lua:0
020.759  000.002  000.002: sourcing nvim_exec2() called at /home/mich/.config/nvim/init.lua:0
020.772  000.001  000.001: sourcing nvim_exec2() called at /home/mich/.config/nvim/init.lua:0
021.438  000.374  000.374: sourcing /home/mich/.local/share/nvim/lazy/vim-surround/plugin/surround.vim
021.443  000.399  000.026: sourcing nvim_exec2() called at /home/mich/.config/nvim/init.lua:0
021.451  000.002  000.002: sourcing nvim_exec2() called at /home/mich/.config/nvim/init.lua:0
021.495  000.001  000.001: sourcing nvim_exec2() called at /home/mich/.config/nvim/init.lua:0
023.303  001.559  001.559: sourcing /home/mich/.local/share/nvim/lazy/nerdcommenter/plugin/nerdcommenter.vim
023.308  001.585  000.026: sourcing nvim_exec2() called at /home/mich/.config/nvim/init.lua:0
023.327  000.002  000.002: sourcing nvim_exec2() called at /home/mich/.config/nvim/init.lua:0
023.340  000.001  000.001: sourcing nvim_exec2() called at /home/mich/.config/nvim/init.lua:0
024.075  000.152  000.152: sourcing /home/mich/.local/share/nvim/lazy/vim-gitgutter/autoload/gitgutter/utility.vim
024.281  000.094  000.094: sourcing /home/mich/.local/share/nvim/lazy/vim-gitgutter/autoload/gitgutter/highlight.vim
024.981  001.310  001.064: sourcing /home/mich/.local/share/nvim/lazy/vim-gitgutter/plugin/gitgutter.vim
024.984  001.333  000.024: sourcing nvim_exec2() called at /home/mich/.config/nvim/init.lua:0
024.992  000.002  000.002: sourcing nvim_exec2() called at /home/mich/.config/nvim/init.lua:0
025.003  000.001  000.001: sourcing nvim_exec2() called at /home/mich/.config/nvim/init.lua:0
025.370  000.020  000.020: sourcing /home/mich/.local/share/nvim/lazy/plenary.nvim/plugin/plenary.vim
025.373  000.041  000.020: sourcing nvim_exec2() called at /home/mich/.config/nvim/init.lua:0
025.378  000.001  000.001: sourcing nvim_exec2() called at /home/mich/.config/nvim/init.lua:0
025.385  000.001  000.001: sourcing nvim_exec2() called at /home/mich/.config/nvim/init.lua:0
025.621  000.168  000.168: sourcing /home/mich/.local/share/nvim/lazy/telescope.nvim/plugin/telescope.lua
025.625  000.187  000.019: sourcing nvim_exec2() called at /home/mich/.config/nvim/init.lua:0
025.631  000.002  000.002: sourcing nvim_exec2() called at /home/mich/.config/nvim/init.lua:0
025.638  000.001  000.001: sourcing nvim_exec2() called at /home/mich/.config/nvim/init.lua:0
025.989  000.047  000.047: sourcing /usr/share/nvim/runtime/plugin/editorconfig.lua
025.992  000.064  000.017: sourcing nvim_exec2() called at /home/mich/.config/nvim/init.lua:0
026.130  000.125  000.125: sourcing /usr/share/nvim/runtime/plugin/gzip.vim
026.132  000.135  000.010: sourcing nvim_exec2() called at /home/mich/.config/nvim/init.lua:0
026.240  000.094  000.094: sourcing /usr/share/nvim/runtime/plugin/man.lua
026.242  000.104  000.010: sourcing nvim_exec2() called at /home/mich/.config/nvim/init.lua:0
026.548  000.125  000.125: sourcing /usr/share/nvim/runtime/pack/dist/opt/matchit/plugin/matchit.vim
026.560  000.303  000.178: sourcing /usr/share/nvim/runtime/plugin/matchit.vim
026.561  000.313  000.010: sourcing nvim_exec2() called at /home/mich/.config/nvim/init.lua:0
026.658  000.085  000.085: sourcing /usr/share/nvim/runtime/plugin/matchparen.vim
026.660  000.094  000.009: sourcing nvim_exec2() called at /home/mich/.config/nvim/init.lua:0
026.788  000.114  000.114: sourcing /usr/share/nvim/runtime/plugin/net.lua
026.790  000.123  000.010: sourcing nvim_exec2() called at /home/mich/.config/nvim/init.lua:0
027.100  000.142  000.142: sourcing /usr/share/nvim/runtime/pack/dist/opt/netrw/plugin/netrwPlugin.vim
027.110  000.306  000.164: sourcing /usr/share/nvim/runtime/plugin/netrwPlugin.vim
027.112  000.316  000.010: sourcing nvim_exec2() called at /home/mich/.config/nvim/init.lua:0
027.205  000.070  000.070: sourcing /usr/share/nvim/runtime/plugin/osc52.lua
027.207  000.084  000.014: sourcing nvim_exec2() called at /home/mich/.config/nvim/init.lua:0
027.334  000.085  000.085: sourcing /usr/share/nvim/runtime/plugin/rplugin.vim
027.336  000.096  000.011: sourcing nvim_exec2() called at /home/mich/.config/nvim/init.lua:0
027.453  000.095  000.095: sourcing /usr/share/nvim/runtime/plugin/shada.lua
027.454  000.108  000.013: sourcing nvim_exec2() called at /home/mich/.config/nvim/init.lua:0
027.548  000.064  000.064: sourcing /usr/share/nvim/runtime/plugin/spellfile.lua
027.550  000.090  000.026: sourcing nvim_exec2() called at /home/mich/.config/nvim/init.lua:0
027.621  000.054  000.054: sourcing /usr/share/nvim/runtime/plugin/tarPlugin.vim
027.622  000.066  000.011: sourcing nvim_exec2() called at /home/mich/.config/nvim/init.lua:0
027.648  000.010  000.010: sourcing /usr/share/nvim/runtime/plugin/tutor.vim
027.649  000.024  000.014: sourcing nvim_exec2() called at /home/mich/.config/nvim/init.lua:0
027.734  000.066  000.066: sourcing /usr/share/nvim/runtime/plugin/zipPlugin.vim
027.735  000.080  000.014: sourcing nvim_exec2() called at /home/mich/.config/nvim/init.lua:0
028.245  000.029  000.029: require('cmp.utils.char')
028.250  000.054  000.025: require('cmp.utils.str')
028.306  000.014  000.014: require('cmp.utils.buffer')
028.311  000.044  000.030: require('cmp.utils.keymap')
028.313  000.062  000.018: require('cmp.utils.feedkeys')
028.389  000.024  000.024: require('cmp.config.mapping')
028.427  000.037  000.037: require('cmp.utils.cache')
028.483  000.021  000.021: require('cmp.config.compare')
028.497  000.013  000.013: require('cmp.config.window')
028.498  000.069  000.035: require('cmp.config.default')
028.508  000.167  000.035: require('cmp.config')
028.514  000.201  000.035: require('cmp.utils.async')
028.544  000.013  000.013: require('cmp.utils.pattern')
028.546  000.030  000.017: require('cmp.context')
028.640  000.045  000.045: require('cmp.utils.snippet')
028.655  000.015  000.015: require('cmp.matcher')
029.024  000.456  000.397: require('cmp.entry')
029.029  000.483  000.027: require('cmp.source')
029.082  000.021  000.021: require('cmp.utils.event')
029.143  000.014  000.014: require('cmp.utils.options')
029.145  000.042  000.028: require('cmp.utils.window')
029.147  000.064  000.022: require('cmp.view.docs_view')
029.187  000.039  000.039: require('cmp.view.custom_entries_view')
029.215  000.028  000.028: require('cmp.view.wildmenu_entries_view')
029.240  000.024  000.024: require('cmp.view.native_entries_view')
029.270  000.030  000.030: require('cmp.view.ghost_text_view')
029.276  000.245  000.040: require('cmp.view')
029.458  001.358  000.282: require('cmp.core')
029.524  000.019  000.019: require('cmp.config.sources')
029.569  001.620  000.243: require('cmp')
029.599  000.029  000.029: require('cmp_luasnip')
029.620  001.742  000.094: sourcing /home/mich/.local/share/nvim/lazy/cmp_luasnip/after/plugin/cmp_luasnip.lua
029.623  001.765  000.023: sourcing nvim_exec2() called at /home/mich/.config/nvim/init.lua:0
029.706  000.034  000.034: require('cmp_path')
029.740  000.081  000.047: sourcing /home/mich/.local/share/nvim/lazy/cmp-path/after/plugin/cmp_path.lua
029.742  000.098  000.018: sourcing nvim_exec2() called at /home/mich/.config/nvim/init.lua:0
029.888  000.039  000.039: require('cmp_buffer.timer')
029.891  000.068  000.029: require('cmp_buffer.buffer')
029.892  000.090  000.022: require('cmp_buffer.source')
029.893  000.106  000.016: require('cmp_buffer')
029.905  000.134  000.028: sourcing /home/mich/.local/share/nvim/lazy/cmp-buffer/after/plugin/cmp_buffer.lua
029.907  000.147  000.013: sourcing nvim_exec2() called at /home/mich/.config/nvim/init.lua:0
029.996  000.025  000.025: require('cmp_nvim_lsp.source')
029.997  000.048  000.024: require('cmp_nvim_lsp')
030.006  000.069  000.021: sourcing /home/mich/.local/share/nvim/lazy/cmp-nvim-lsp/after/plugin/cmp_nvim_lsp.lua
030.007  000.083  000.014: sourcing nvim_exec2() called at /home/mich/.config/nvim/init.lua:0
030.463  000.057  000.057: sourcing /home/mich/.local/share/nvim/lazy/everforest/autoload/everforest.vim
034.542  004.183  004.126: sourcing /home/mich/.local/share/nvim/lazy/everforest/colors/everforest.vim
034.812  004.737  000.554: sourcing nvim_exec2() called at /home/mich/.config/nvim/init.lua:0
034.815  004.785  000.048: require('plugins.themes')
034.880  000.026  000.026: require('nvim-tree')
034.914  000.015  000.015: require('nvim-tree._meta.api.appearance')
034.929  000.014  000.014: require('nvim-tree._meta.api.commands')
034.962  000.015  000.015: require('nvim-tree._meta.api.config')
034.978  000.015  000.015: require('nvim-tree._meta.api.events')
034.998  000.020  000.020: require('nvim-tree._meta.api.filter')
035.016  000.017  000.017: require('nvim-tree._meta.api.fs')
035.072  000.055  000.055: require('nvim-tree._meta.api.git')
035.086  000.014  000.014: require('nvim-tree._meta.api.map')
035.106  000.019  000.019: require('nvim-tree._meta.api.marks')
035.129  000.022  000.022: require('nvim-tree._meta.api.node')
035.148  000.019  000.019: require('nvim-tree._meta.api.tree')
035.197  000.023  000.023: require('nvim-tree.classic')
035.200  000.051  000.028: require('nvim-tree._meta.api.decorator')
035.234  000.034  000.034: require('nvim-tree._meta.api.deprecated')
035.279  000.044  000.044: require('nvim-tree.api.impl')
035.321  000.021  000.021: require('nvim-tree.renderer.decorator')
035.347  000.025  000.025: require('nvim-tree.legacy')
035.348  000.467  000.068: require('nvim-tree.api')
035.399  000.050  000.050: require('nvim-tree.appearance')
035.502  000.079  000.079: require('nvim-tree.config')
035.503  000.103  000.024: require('nvim-tree.autocmd')
035.535  000.031  000.031: require('nvim-tree.log')
035.572  000.036  000.036: require('nvim-tree.view-state')
035.658  000.010  000.010: sourcing nvim_exec2() called at /home/mich/.config/nvim/init.lua:0
035.664  000.004  000.004: sourcing nvim_exec2() called at /home/mich/.config/nvim/init.lua:0
035.911  001.095  000.367: require('plugins.ui')
036.013  000.101  000.101: require('plugins.lsp')
036.306  000.053  000.053: require('vim.version')
037.101  000.881  000.828: require('luasnip.util.vimversion')
037.108  000.975  000.095: require('luasnip.util.util')
037.248  000.082  000.082: require('luasnip.util.str')
037.274  000.025  000.025: require('luasnip.util.table')
037.296  000.021  000.021: require('luasnip.nodes.key_indexer')
037.331  000.034  000.034: require('luasnip.util.feedkeys')
037.389  000.057  000.057: require('luasnip.nodes.util.snippet_string')
037.395  000.285  000.066: require('luasnip.nodes.util')
037.465  000.031  000.031: require('luasnip.session.snippet_collection.source')
037.493  000.027  000.027: require('luasnip.util.auto_table')
037.500  000.104  000.046: require('luasnip.session.snippet_collection')
037.622  000.035  000.035: require('luasnip.util.select')
037.642  000.019  000.019: require('luasnip.util.time')
037.942  000.413  000.360: require('luasnip.util._builtin_vars')
037.989  000.489  000.075: require('luasnip.util.environ')
038.056  000.066  000.066: require('luasnip.util.extend_decorator')
038.296  000.167  000.167: require('luasnip.util.path')
038.670  000.289  000.289: require('luasnip.util.log')
038.688  000.391  000.102: require('luasnip.loaders.util')
038.740  000.052  000.052: require('luasnip.loaders.data')
038.884  000.143  000.143: require('luasnip.loaders.fs_watchers')
038.887  000.830  000.078: require('luasnip.loaders')
038.904  002.859  000.111: require('luasnip')
038.969  000.030  000.030: require('luasnip.session.enqueueable_operations')
039.072  000.015  000.015: require('luasnip.util.events')
039.087  000.014  000.014: require('luasnip.nodes.optional_arg')
039.095  000.063  000.035: require('luasnip.nodes.node')
039.145  000.050  000.050: require('luasnip.nodes.insertNode')
039.169  000.023  000.023: require('luasnip.nodes.textNode')
039.201  000.031  000.031: require('luasnip.util.mark')
039.220  000.018  000.018: require('luasnip.util.pattern_tokenizer')
039.235  000.014  000.014: require('luasnip.util.dict')
039.386  000.134  000.134: require('luasnip.util.jsregexp')
039.389  000.152  000.019: require('luasnip.nodes.util.trig_engines')
039.412  000.424  000.072: require('luasnip.nodes.snippet')
039.481  000.022  000.022: require('luasnip.util.parser.neovim_ast')
039.613  000.127  000.127: require('luasnip.util.jsregexp')
039.648  000.034  000.034: require('luasnip.util.directed_graph')
039.651  000.214  000.030: require('luasnip.util.parser.ast_utils')
039.683  000.031  000.031: require('luasnip.nodes.functionNode')
039.734  000.050  000.050: require('luasnip.nodes.choiceNode')
039.813  000.078  000.078: require('luasnip.nodes.dynamicNode')
039.858  000.042  000.042: require('luasnip.util.functions')
039.861  000.448  000.033: require('luasnip.util.parser.ast_parser')
039.903  000.041  000.041: require('luasnip.util.parser.neovim_parser')
039.906  000.936  000.024: require('luasnip.util.parser')
039.924  000.017  000.017: require('luasnip.nodes.snippetProxy')
039.984  000.058  000.058: require('luasnip.util.jsonc')
040.013  000.015  000.015: require('luasnip.nodes.duplicate')
040.014  000.029  000.015: require('luasnip.loaders.snippet_cache')
040.019  001.114  000.043: require('luasnip.loaders.from_vscode')
040.449  004.434  000.461: require('plugins.completion')
040.451  030.731  004.482: require('plugins')
040.505  000.016  000.016: require('telescope._extensions')
040.506  000.034  000.018: require('telescope')
040.552  000.045  000.045: require('telescope.builtin')
040.735  000.017  000.017: require('plenary.bit')
040.751  000.015  000.015: require('plenary.functional')
040.767  000.080  000.048: require('plenary.path')
040.775  000.104  000.024: require('plenary.strings')
040.788  000.013  000.013: require('telescope.deprecated')
040.899  000.076  000.076: require('plenary.log')
040.919  000.107  000.031: require('telescope.log')
041.011  000.038  000.038: require('plenary.compat')
041.014  000.067  000.029: require('plenary.job')
041.028  000.013  000.013: require('telescope.state')
041.031  000.112  000.032: require('telescope.utils')
041.035  000.246  000.027: require('telescope.sorters')
041.748  001.195  000.832: require('telescope.config')
042.215  001.764  000.490: require('plugins.telescope')
042.217  038.934  000.018: sourcing /home/mich/.config/nvim/init.lua
042.223  000.381: sourcing vimrc file(s)
042.313  000.026  000.026: sourcing /usr/share/nvim/runtime/filetype.lua
042.448  000.046  000.046: sourcing /usr/share/nvim/runtime/syntax/synload.vim
042.497  000.146  000.100: sourcing /usr/share/nvim/runtime/syntax/syntax.vim
042.504  000.110: inits 3
043.342  000.837: reading ShaDa
043.453  000.047  000.047: require('luasnip.loaders.from_lua')
043.498  000.041  000.041: require('luasnip.loaders.from_snipmate')
043.518  000.088: opening buffers
043.604  000.056  000.056: sourcing /home/mich/.local/share/nvim/lazy/vim-gitgutter/autoload/gitgutter.vim
043.754  000.181: BufEnter autocommands
043.755  000.001: editing files in windows
043.783  000.028: VimEnter autocommands
043.935  000.153: UIEnter autocommands
044.111  000.128  000.128: sourcing /usr/share/nvim/runtime/autoload/provider/clipboard.vim
044.115  000.052: before starting main loop
1238.574  000.029  000.029: require('vim._core.util')
1238.772  1194.628: first screen update
1238.774  000.002: --- NVIM STARTED ---

